[
  {
    "Plan": {
      "Node Type": "Hash Join",
      "Parallel Aware": false,
      "Join Type": "Right",
      "Startup Cost": 415543.09,
      "Total Cost": 536403.65,
      "Plan Rows": 1,
      "Plan Width": 249,
      "Actual Startup Time": 5490.946,
      "Actual Total Time": 6101.094,
      "Actual Rows": 2,
      "Actual Loops": 1,
      "Output": [
        "p.pubid",
        "p.pubkey",
        "p.mdate",
        "p.category",
        "p.title",
        "p.year",
        "a.aname",
        "e.ee",
        "u.url",
        "pa.pages",
        "j.journal"
      ],
      "Inner Unique": false,
      "Hash Cond": "((e.pubkey)::text = (p.pubkey)::text)",
      "Shared Hit Blocks": 12634,
      "Shared Read Blocks": 257325,
      "Shared Dirtied Blocks": 0,
      "Shared Written Blocks": 0,
      "Local Hit Blocks": 0,
      "Local Read Blocks": 0,
      "Local Dirtied Blocks": 0,
      "Local Written Blocks": 0,
      "Temp Read Blocks": 0,
      "Temp Written Blocks": 0,
      "I/O Read Time": 3265.539,
      "I/O Write Time": 0,
      "Plans": [
        {
          "Node Type": "Seq Scan",
          "Parent Relationship": "Outer",
          "Parallel Aware": false,
          "Relation Name": "ee",
          "Schema": "PubSchema",
          "Alias": "e",
          "Startup Cost": 0,
          "Total Cost": 103768.31,
          "Plan Rows": 4557931,
          "Plan Width": 67,
          "Actual Startup Time": 0.077,
          "Actual Total Time": 903.218,
          "Actual Rows": 4560103,
          "Actual Loops": 1,
          "Output": [
            "e.eeid",
            "e.pubkey",
            "e.ee"
          ],
          "Shared Hit Blocks": 192,
          "Shared Read Blocks": 57997,
          "Shared Dirtied Blocks": 0,
          "Shared Written Blocks": 0,
          "Local Hit Blocks": 0,
          "Local Read Blocks": 0,
          "Local Dirtied Blocks": 0,
          "Local Written Blocks": 0,
          "Temp Read Blocks": 0,
          "Temp Written Blocks": 0,
          "I/O Read Time": 573.126,
          "I/O Write Time": 0
        },
        {
          "Node Type": "Hash",
          "Parent Relationship": "Inner",
          "Parallel Aware": false,
          "Startup Cost": 415543.08,
          "Total Cost": 415543.08,
          "Plan Rows": 1,
          "Plan Width": 205,
          "Actual Startup Time": 4707.954,
          "Actual Total Time": 4707.954,
          "Actual Rows": 1,
          "Actual Loops": 1,
          "Output": [
            "p.pubid",
            "p.pubkey",
            "p.mdate",
            "p.category",
            "p.title",
            "p.year",
            "a.aname",
            "u.url",
            "pa.pages",
            "j.journal"
          ],
          "Hash Buckets": 1024,
          "Original Hash Buckets": 1024,
          "Hash Batches": 1,
          "Original Hash Batches": 1,
          "Peak Memory Usage": 9,
          "Shared Hit Blocks": 12442,
          "Shared Read Blocks": 199328,
          "Shared Dirtied Blocks": 0,
          "Shared Written Blocks": 0,
          "Local Hit Blocks": 0,
          "Local Read Blocks": 0,
          "Local Dirtied Blocks": 0,
          "Local Written Blocks": 0,
          "Temp Read Blocks": 0,
          "Temp Written Blocks": 0,
          "I/O Read Time": 2692.414,
          "I/O Write Time": 0,
          "Plans": [
            {
              "Node Type": "Hash Join",
              "Parent Relationship": "Outer",
              "Parallel Aware": false,
              "Join Type": "Right",
              "Startup Cost": 305281.8,
              "Total Cost": 415543.08,
              "Plan Rows": 1,
              "Plan Width": 205,
              "Actual Startup Time": 4151.427,
              "Actual Total Time": 4707.924,
              "Actual Rows": 1,
              "Actual Loops": 1,
              "Output": [
                "p.pubid",
                "p.pubkey",
                "p.mdate",
                "p.category",
                "p.title",
                "p.year",
                "a.aname",
                "u.url",
                "pa.pages",
                "j.journal"
              ],
              "Inner Unique": false,
              "Hash Cond": "((u.pubkey)::text = (p.pubkey)::text)",
              "Shared Hit Blocks": 12442,
              "Shared Read Blocks": 199328,
              "Shared Dirtied Blocks": 0,
              "Shared Written Blocks": 0,
              "Local Hit Blocks": 0,
              "Local Read Blocks": 0,
              "Local Dirtied Blocks": 0,
              "Local Written Blocks": 0,
              "Temp Read Blocks": 0,
              "Temp Written Blocks": 0,
              "I/O Read Time": 2692.414,
              "I/O Write Time": 0,
              "Plans": [
                {
                  "Node Type": "Seq Scan",
                  "Parent Relationship": "Outer",
                  "Parallel Aware": false,
                  "Relation Name": "url",
                  "Schema": "PubSchema",
                  "Alias": "u",
                  "Startup Cost": 0,
                  "Total Cost": 94361.74,
                  "Plan Rows": 4239874,
                  "Plan Width": 63,
                  "Actual Startup Time": 0.085,
                  "Actual Total Time": 792.037,
                  "Actual Rows": 4239433,
                  "Actual Loops": 1,
                  "Output": [
                    "u.urlid",
                    "u.pubkey",
                    "u.url"
                  ],
                  "Shared Hit Blocks": 192,
                  "Shared Read Blocks": 51771,
                  "Shared Dirtied Blocks": 0,
                  "Shared Written Blocks": 0,
                  "Local Hit Blocks": 0,
                  "Local Read Blocks": 0,
                  "Local Dirtied Blocks": 0,
                  "Local Written Blocks": 0,
                  "Temp Read Blocks": 0,
                  "Temp Written Blocks": 0,
                  "I/O Read Time": 499.727,
                  "I/O Write Time": 0
                },
                {
                  "Node Type": "Hash",
                  "Parent Relationship": "Inner",
                  "Parallel Aware": false,
                  "Startup Cost": 305281.79,
                  "Total Cost": 305281.79,
                  "Plan Rows": 1,
                  "Plan Width": 165,
                  "Actual Startup Time": 3449.697,
                  "Actual Total Time": 3449.697,
                  "Actual Rows": 1,
                  "Actual Loops": 1,
                  "Output": [
                    "p.pubid",
                    "p.pubkey",
                    "p.mdate",
                    "p.category",
                    "p.title",
                    "p.year",
                    "a.aname",
                    "pa.pages",
                    "j.journal"
                  ],
                  "Hash Buckets": 1024,
                  "Original Hash Buckets": 1024,
                  "Hash Batches": 1,
                  "Original Hash Batches": 1,
                  "Peak Memory Usage": 9,
                  "Shared Hit Blocks": 12250,
                  "Shared Read Blocks": 147557,
                  "Shared Dirtied Blocks": 0,
                  "Shared Written Blocks": 0,
                  "Local Hit Blocks": 0,
                  "Local Read Blocks": 0,
                  "Local Dirtied Blocks": 0,
                  "Local Written Blocks": 0,
                  "Temp Read Blocks": 0,
                  "Temp Written Blocks": 0,
                  "I/O Read Time": 2192.687,
                  "I/O Write Time": 0,
                  "Plans": [
                    {
                      "Node Type": "Hash Join",
                      "Parent Relationship": "Outer",
                      "Parallel Aware": false,
                      "Join Type": "Right",
                      "Startup Cost": 220891.66,
                      "Total Cost": 305281.79,
                      "Plan Rows": 1,
                      "Plan Width": 165,
                      "Actual Startup Time": 3005.943,
                      "Actual Total Time": 3449.684,
                      "Actual Rows": 1,
                      "Actual Loops": 1,
                      "Output": [
                        "p.pubid",
                        "p.pubkey",
                        "p.mdate",
                        "p.category",
                        "p.title",
                        "p.year",
                        "a.aname",
                        "pa.pages",
                        "j.journal"
                      ],
                      "Inner Unique": false,
                      "Hash Cond": "((pa.pubkey)::text = (p.pubkey)::text)",
                      "Shared Hit Blocks": 12250,
                      "Shared Read Blocks": 147557,
                      "Shared Dirtied Blocks": 0,
                      "Shared Written Blocks": 0,
                      "Local Hit Blocks": 0,
                      "Local Read Blocks": 0,
                      "Local Dirtied Blocks": 0,
                      "Local Written Blocks": 0,
                      "Temp Read Blocks": 0,
                      "Temp Written Blocks": 0,
                      "I/O Read Time": 2192.687,
                      "I/O Write Time": 0,
                      "Plans": [
                        {
                          "Node Type": "Seq Scan",
                          "Parent Relationship": "Outer",
                          "Parallel Aware": false,
                          "Relation Name": "pages",
                          "Schema": "PubSchema",
                          "Alias": "pa",
                          "Startup Cost": 0,
                          "Total Cost": 69966.36,
                          "Plan Rows": 3846336,
                          "Plan Width": 30,
                          "Actual Startup Time": 0.045,
                          "Actual Total Time": 564.375,
                          "Actual Rows": 3846103,
                          "Actual Loops": 1,
                          "Output": [
                            "pa.pid",
                            "pa.pubkey",
                            "pa.pages"
                          ],
                          "Shared Hit Blocks": 192,
                          "Shared Read Blocks": 31311,
                          "Shared Dirtied Blocks": 0,
                          "Shared Written Blocks": 0,
                          "Local Hit Blocks": 0,
                          "Local Read Blocks": 0,
                          "Local Dirtied Blocks": 0,
                          "Local Written Blocks": 0,
                          "Temp Read Blocks": 0,
                          "Temp Written Blocks": 0,
                          "I/O Read Time": 309.864,
                          "I/O Write Time": 0
                        },
                        {
                          "Node Type": "Hash",
                          "Parent Relationship": "Inner",
                          "Parallel Aware": false,
                          "Startup Cost": 220891.65,
                          "Total Cost": 220891.65,
                          "Plan Rows": 1,
                          "Plan Width": 158,
                          "Actual Startup Time": 2475.371,
                          "Actual Total Time": 2475.371,
                          "Actual Rows": 1,
                          "Actual Loops": 1,
                          "Output": [
                            "p.pubid",
                            "p.pubkey",
                            "p.mdate",
                            "p.category",
                            "p.title",
                            "p.year",
                            "a.aname",
                            "j.journal"
                          ],
                          "Hash Buckets": 1024,
                          "Original Hash Buckets": 1024,
                          "Hash Batches": 1,
                          "Original Hash Batches": 1,
                          "Peak Memory Usage": 9,
                          "Shared Hit Blocks": 12058,
                          "Shared Read Blocks": 116246,
                          "Shared Dirtied Blocks": 0,
                          "Shared Written Blocks": 0,
                          "Local Hit Blocks": 0,
                          "Local Read Blocks": 0,
                          "Local Dirtied Blocks": 0,
                          "Local Written Blocks": 0,
                          "Temp Read Blocks": 0,
                          "Temp Written Blocks": 0,
                          "I/O Read Time": 1882.823,
                          "I/O Write Time": 0,
                          "Plans": [
                            {
                              "Node Type": "Hash Join",
                              "Parent Relationship": "Outer",
                              "Parallel Aware": false,
                              "Join Type": "Right",
                              "Startup Cost": 175356.5,
                              "Total Cost": 220891.65,
                              "Plan Rows": 1,
                              "Plan Width": 158,
                              "Actual Startup Time": 2475.355,
                              "Actual Total Time": 2475.355,
                              "Actual Rows": 1,
                              "Actual Loops": 1,
                              "Output": [
                                "p.pubid",
                                "p.pubkey",
                                "p.mdate",
                                "p.category",
                                "p.title",
                                "p.year",
                                "a.aname",
                                "j.journal"
                              ],
                              "Inner Unique": false,
                              "Hash Cond": "((j.pubkey)::text = (p.pubkey)::text)",
                              "Shared Hit Blocks": 12058,
                              "Shared Read Blocks": 116246,
                              "Shared Dirtied Blocks": 0,
                              "Shared Written Blocks": 0,
                              "Local Hit Blocks": 0,
                              "Local Read Blocks": 0,
                              "Local Dirtied Blocks": 0,
                              "Local Written Blocks": 0,
                              "Temp Read Blocks": 0,
                              "Temp Written Blocks": 0,
                              "I/O Read Time": 1882.823,
                              "I/O Write Time": 0,
                              "Plans": [
                                {
                                  "Node Type": "Seq Scan",
                                  "Parent Relationship": "Outer",
                                  "Parallel Aware": false,
                                  "Relation Name": "journal",
                                  "Schema": "PubSchema",
                                  "Alias": "j",
                                  "Startup Cost": 0,
                                  "Total Cost": 38442.83,
                                  "Plan Rows": 1891283,
                                  "Plan Width": 48,
                                  "Actual Startup Time": 0.132,
                                  "Actual Total Time": 341.399,
                                  "Actual Rows": 1891283,
                                  "Actual Loops": 1,
                                  "Output": [
                                    "j.jid",
                                    "j.pubkey",
                                    "j.journal"
                                  ],
                                  "Shared Hit Blocks": 192,
                                  "Shared Read Blocks": 19338,
                                  "Shared Dirtied Blocks": 0,
                                  "Shared Written Blocks": 0,
                                  "Local Hit Blocks": 0,
                                  "Local Read Blocks": 0,
                                  "Local Dirtied Blocks": 0,
                                  "Local Written Blocks": 0,
                                  "Temp Read Blocks": 0,
                                  "Temp Written Blocks": 0,
                                  "I/O Read Time": 203.308,
                                  "I/O Write Time": 0
                                },
                                {
                                  "Node Type": "Hash",
                                  "Parent Relationship": "Inner",
                                  "Parallel Aware": false,
                                  "Startup Cost": 175356.48,
                                  "Total Cost": 175356.48,
                                  "Plan Rows": 1,
                                  "Plan Width": 135,
                                  "Actual Startup Time": 1914.19,
                                  "Actual Total Time": 1914.19,
                                  "Actual Rows": 1,
                                  "Actual Loops": 1,
                                  "Output": [
                                    "p.pubid",
                                    "p.pubkey",
                                    "p.mdate",
                                    "p.category",
                                    "p.title",
                                    "p.year",
                                    "a.aname"
                                  ],
                                  "Hash Buckets": 1024,
                                  "Original Hash Buckets": 1024,
                                  "Hash Batches": 1,
                                  "Original Hash Batches": 1,
                                  "Peak Memory Usage": 9,
                                  "Shared Hit Blocks": 11866,
                                  "Shared Read Blocks": 96908,
                                  "Shared Dirtied Blocks": 0,
                                  "Shared Written Blocks": 0,
                                  "Local Hit Blocks": 0,
                                  "Local Read Blocks": 0,
                                  "Local Dirtied Blocks": 0,
                                  "Local Written Blocks": 0,
                                  "Temp Read Blocks": 0,
                                  "Temp Written Blocks": 0,
                                  "I/O Read Time": 1679.516,
                                  "I/O Write Time": 0,
                                  "Plans": [
                                    {
                                      "Node Type": "Gather",
                                      "Parent Relationship": "Outer",
                                      "Parallel Aware": false,
                                      "Startup Cost": 41998.66,
                                      "Total Cost": 175356.48,
                                      "Plan Rows": 1,
                                      "Plan Width": 135,
                                      "Actual Startup Time": 1220.705,
                                      "Actual Total Time": 1914.237,
                                      "Actual Rows": 1,
                                      "Actual Loops": 1,
                                      "Output": [
                                        "p.pubid",
                                        "p.pubkey",
                                        "p.mdate",
                                        "p.category",
                                        "p.title",
                                        "p.year",
                                        "a.aname"
                                      ],
                                      "Workers Planned": 2,
                                      "Workers Launched": 2,
                                      "Single Copy": false,
                                      "Shared Hit Blocks": 11866,
                                      "Shared Read Blocks": 96908,
                                      "Shared Dirtied Blocks": 0,
                                      "Shared Written Blocks": 0,
                                      "Local Hit Blocks": 0,
                                      "Local Read Blocks": 0,
                                      "Local Dirtied Blocks": 0,
                                      "Local Written Blocks": 0,
                                      "Temp Read Blocks": 0,
                                      "Temp Written Blocks": 0,
                                      "I/O Read Time": 1679.516,
                                      "I/O Write Time": 0,
                                      "Plans": [
                                        {
                                          "Node Type": "Nested Loop",
                                          "Parent Relationship": "Outer",
                                          "Parallel Aware": false,
                                          "Join Type": "Inner",
                                          "Startup Cost": 40998.66,
                                          "Total Cost": 174356.38,
                                          "Plan Rows": 1,
                                          "Plan Width": 135,
                                          "Actual Startup Time": 1641.301,
                                          "Actual Total Time": 1872.316,
                                          "Actual Rows": 0,
                                          "Actual Loops": 3,
                                          "Output": [
                                            "p.pubid",
                                            "p.pubkey",
                                            "p.mdate",
                                            "p.category",
                                            "p.title",
                                            "p.year",
                                            "a.aname"
                                          ],
                                          "Inner Unique": true,
                                          "Shared Hit Blocks": 11866,
                                          "Shared Read Blocks": 96908,
                                          "Shared Dirtied Blocks": 0,
                                          "Shared Written Blocks": 0,
                                          "Local Hit Blocks": 0,
                                          "Local Read Blocks": 0,
                                          "Local Dirtied Blocks": 0,
                                          "Local Written Blocks": 0,
                                          "Temp Read Blocks": 0,
                                          "Temp Written Blocks": 0,
                                          "I/O Read Time": 1679.516,
                                          "I/O Write Time": 0,
                                          "Workers": [
                                            {
                                              "Worker Number": 0,
                                              "Actual Startup Time": 1845.73,
                                              "Actual Total Time": 1845.73,
                                              "Actual Rows": 0,
                                              "Actual Loops": 1,
                                              "Shared Hit Blocks": 3710,
                                              "Shared Read Blocks": 30878,
                                              "Shared Dirtied Blocks": 0,
                                              "Shared Written Blocks": 0,
                                              "Local Hit Blocks": 0,
                                              "Local Read Blocks": 0,
                                              "Local Dirtied Blocks": 0,
                                              "Local Written Blocks": 0,
                                              "Temp Read Blocks": 0,
                                              "Temp Written Blocks": 0,
                                              "I/O Read Time": 564.969,
                                              "I/O Write Time": 0
                                            },
                                            {
                                              "Worker Number": 1,
                                              "Actual Startup Time": 1858.512,
                                              "Actual Total Time": 1858.512,
                                              "Actual Rows": 0,
                                              "Actual Loops": 1,
                                              "Shared Hit Blocks": 4592,
                                              "Shared Read Blocks": 32082,
                                              "Shared Dirtied Blocks": 0,
                                              "Shared Written Blocks": 0,
                                              "Local Hit Blocks": 0,
                                              "Local Read Blocks": 0,
                                              "Local Dirtied Blocks": 0,
                                              "Local Written Blocks": 0,
                                              "Temp Read Blocks": 0,
                                              "Temp Written Blocks": 0,
                                              "I/O Read Time": 512.091,
                                              "I/O Write Time": 0
                                            }
                                          ],
                                          "Plans": [
                                            {
                                              "Node Type": "Hash Join",
                                              "Parent Relationship": "Outer",
                                              "Parallel Aware": false,
                                              "Join Type": "Inner",
                                              "Startup Cost": 40998.22,
                                              "Total Cost": 174355.42,
                                              "Plan Rows": 2,
                                              "Plan Width": 19,
                                              "Actual Startup Time": 1641.288,
                                              "Actual Total Time": 1872.272,
                                              "Actual Rows": 1,
                                              "Actual Loops": 3,
                                              "Output": [
                                                "ad.pubid",
                                                "a.aname"
                                              ],
                                              "Inner Unique": true,
                                              "Hash Cond": "(ad.authorid = a.authorid)",
                                              "Shared Hit Blocks": 11858,
                                              "Shared Read Blocks": 96908,
                                              "Shared Dirtied Blocks": 0,
                                              "Shared Written Blocks": 0,
                                              "Local Hit Blocks": 0,
                                              "Local Read Blocks": 0,
                                              "Local Dirtied Blocks": 0,
                                              "Local Written Blocks": 0,
                                              "Temp Read Blocks": 0,
                                              "Temp Written Blocks": 0,
                                              "I/O Read Time": 1679.516,
                                              "I/O Write Time": 0,
                                              "Workers": [
                                                {
                                                  "Worker Number": 0,
                                                  "Actual Startup Time": 1845.725,
                                                  "Actual Total Time": 1845.725,
                                                  "Actual Rows": 0,
                                                  "Actual Loops": 1,
                                                  "Shared Hit Blocks": 3710,
                                                  "Shared Read Blocks": 30878,
                                                  "Shared Dirtied Blocks": 0,
                                                  "Shared Written Blocks": 0,
                                                  "Local Hit Blocks": 0,
                                                  "Local Read Blocks": 0,
                                                  "Local Dirtied Blocks": 0,
                                                  "Local Written Blocks": 0,
                                                  "Temp Read Blocks": 0,
                                                  "Temp Written Blocks": 0,
                                                  "I/O Read Time": 564.969,
                                                  "I/O Write Time": 0
                                                },
                                                {
                                                  "Worker Number": 1,
                                                  "Actual Startup Time": 1858.505,
                                                  "Actual Total Time": 1858.505,
                                                  "Actual Rows": 0,
                                                  "Actual Loops": 1,
                                                  "Shared Hit Blocks": 4592,
                                                  "Shared Read Blocks": 32082,
                                                  "Shared Dirtied Blocks": 0,
                                                  "Shared Written Blocks": 0,
                                                  "Local Hit Blocks": 0,
                                                  "Local Read Blocks": 0,
                                                  "Local Dirtied Blocks": 0,
                                                  "Local Written Blocks": 0,
                                                  "Temp Read Blocks": 0,
                                                  "Temp Written Blocks": 0,
                                                  "I/O Read Time": 512.091,
                                                  "I/O Write Time": 0
                                                }
                                              ],
                                              "Plans": [
                                                {
                                                  "Node Type": "Seq Scan",
                                                  "Parent Relationship": "Outer",
                                                  "Parallel Aware": true,
                                                  "Relation Name": "authored",
                                                  "Schema": "PubSchema",
                                                  "Alias": "ad",
                                                  "Startup Cost": 0,
                                                  "Total Cost": 119681.77,
                                                  "Plan Rows": 5209677,
                                                  "Plan Width": 8,
                                                  "Actual Startup Time": 0.244,
                                                  "Actual Total Time": 738.907,
                                                  "Actual Rows": 4167738,
                                                  "Actual Loops": 3,
                                                  "Output": [
                                                    "ad.authoredid",
                                                    "ad.authorid",
                                                    "ad.pubid"
                                                  ],
                                                  "Shared Hit Blocks": 576,
                                                  "Shared Read Blocks": 67009,
                                                  "Shared Dirtied Blocks": 0,
                                                  "Shared Written Blocks": 0,
                                                  "Local Hit Blocks": 0,
                                                  "Local Read Blocks": 0,
                                                  "Local Dirtied Blocks": 0,
                                                  "Local Written Blocks": 0,
                                                  "Temp Read Blocks": 0,
                                                  "Temp Written Blocks": 0,
                                                  "I/O Read Time": 1031.872,
                                                  "I/O Write Time": 0,
                                                  "Workers": [
                                                    {
                                                      "Worker Number": 0,
                                                      "Actual Startup Time": 0.316,
                                                      "Actual Total Time": 694.316,
                                                      "Actual Rows": 3856695,
                                                      "Actual Loops": 1,
                                                      "Shared Hit Blocks": 219,
                                                      "Shared Read Blocks": 20628,
                                                      "Shared Dirtied Blocks": 0,
                                                      "Shared Written Blocks": 0,
                                                      "Local Hit Blocks": 0,
                                                      "Local Read Blocks": 0,
                                                      "Local Dirtied Blocks": 0,
                                                      "Local Written Blocks": 0,
                                                      "Temp Read Blocks": 0,
                                                      "Temp Written Blocks": 0,
                                                      "I/O Read Time": 321.818,
                                                      "I/O Write Time": 0
                                                    },
                                                    {
                                                      "Worker Number": 1,
                                                      "Actual Startup Time": 0.34,
                                                      "Actual Total Time": 762.974,
                                                      "Actual Rows": 4242595,
                                                      "Actual Loops": 1,
                                                      "Shared Hit Blocks": 159,
                                                      "Shared Read Blocks": 22774,
                                                      "Shared Dirtied Blocks": 0,
                                                      "Shared Written Blocks": 0,
                                                      "Local Hit Blocks": 0,
                                                      "Local Read Blocks": 0,
                                                      "Local Dirtied Blocks": 0,
                                                      "Local Written Blocks": 0,
                                                      "Temp Read Blocks": 0,
                                                      "Temp Written Blocks": 0,
                                                      "I/O Read Time": 356.525,
                                                      "I/O Write Time": 0
                                                    }
                                                  ]
                                                },
                                                {
                                                  "Node Type": "Hash",
                                                  "Parent Relationship": "Inner",
                                                  "Parallel Aware": false,
                                                  "Startup Cost": 40998.21,
                                                  "Total Cost": 40998.21,
                                                  "Plan Rows": 1,
                                                  "Plan Width": 19,
                                                  "Actual Startup Time": 629.443,
                                                  "Actual Total Time": 629.443,
                                                  "Actual Rows": 1,
                                                  "Actual Loops": 3,
                                                  "Output": [
                                                    "a.aname",
                                                    "a.authorid"
                                                  ],
                                                  "Hash Buckets": 1024,
                                                  "Original Hash Buckets": 1024,
                                                  "Hash Batches": 1,
                                                  "Original Hash Batches": 1,
                                                  "Peak Memory Usage": 9,
                                                  "Shared Hit Blocks": 11198,
                                                  "Shared Read Blocks": 29899,
                                                  "Shared Dirtied Blocks": 0,
                                                  "Shared Written Blocks": 0,
                                                  "Local Hit Blocks": 0,
                                                  "Local Read Blocks": 0,
                                                  "Local Dirtied Blocks": 0,
                                                  "Local Written Blocks": 0,
                                                  "Temp Read Blocks": 0,
                                                  "Temp Written Blocks": 0,
                                                  "I/O Read Time": 647.644,
                                                  "I/O Write Time": 0,
                                                  "Workers": [
                                                    {
                                                      "Worker Number": 0,
                                                      "Actual Startup Time": 670.242,
                                                      "Actual Total Time": 670.242,
                                                      "Actual Rows": 1,
                                                      "Actual Loops": 1,
                                                      "Shared Hit Blocks": 3449,
                                                      "Shared Read Blocks": 10250,
                                                      "Shared Dirtied Blocks": 0,
                                                      "Shared Written Blocks": 0,
                                                      "Local Hit Blocks": 0,
                                                      "Local Read Blocks": 0,
                                                      "Local Dirtied Blocks": 0,
                                                      "Local Written Blocks": 0,
                                                      "Temp Read Blocks": 0,
                                                      "Temp Written Blocks": 0,
                                                      "I/O Read Time": 243.152,
                                                      "I/O Write Time": 0
                                                    },
                                                    {
                                                      "Worker Number": 1,
                                                      "Actual Startup Time": 581.54,
                                                      "Actual Total Time": 581.54,
                                                      "Actual Rows": 1,
                                                      "Actual Loops": 1,
                                                      "Shared Hit Blocks": 4391,
                                                      "Shared Read Blocks": 9308,
                                                      "Shared Dirtied Blocks": 0,
                                                      "Shared Written Blocks": 0,
                                                      "Local Hit Blocks": 0,
                                                      "Local Read Blocks": 0,
                                                      "Local Dirtied Blocks": 0,
                                                      "Local Written Blocks": 0,
                                                      "Temp Read Blocks": 0,
                                                      "Temp Written Blocks": 0,
                                                      "I/O Read Time": 155.566,
                                                      "I/O Write Time": 0
                                                    }
                                                  ],
                                                  "Plans": [
                                                    {
                                                      "Node Type": "Seq Scan",
                                                      "Parent Relationship": "Outer",
                                                      "Parallel Aware": false,
                                                      "Relation Name": "author",
                                                      "Schema": "PubSchema",
                                                      "Alias": "a",
                                                      "Startup Cost": 0,
                                                      "Total Cost": 40998.21,
                                                      "Plan Rows": 1,
                                                      "Plan Width": 19,
                                                      "Actual Startup Time": 425.518,
                                                      "Actual Total Time": 629.418,
                                                      "Actual Rows": 1,
                                                      "Actual Loops": 3,
                                                      "Output": [
                                                        "a.aname",
                                                        "a.authorid"
                                                      ],
                                                      "Filter": "((a.aname)::text = 'Song Yi Kim'::text)",
                                                      "Rows Removed by Filter": 2183936,
                                                      "Shared Hit Blocks": 11198,
                                                      "Shared Read Blocks": 29899,
                                                      "Shared Dirtied Blocks": 0,
                                                      "Shared Written Blocks": 0,
                                                      "Local Hit Blocks": 0,
                                                      "Local Read Blocks": 0,
                                                      "Local Dirtied Blocks": 0,
                                                      "Local Written Blocks": 0,
                                                      "Temp Read Blocks": 0,
                                                      "Temp Written Blocks": 0,
                                                      "I/O Read Time": 647.644,
                                                      "I/O Write Time": 0,
                                                      "Workers": [
                                                        {
                                                          "Worker Number": 0,
                                                          "Actual Startup Time": 655.632,
                                                          "Actual Total Time": 670.216,
                                                          "Actual Rows": 1,
                                                          "Actual Loops": 1,
                                                          "Shared Hit Blocks": 3449,
                                                          "Shared Read Blocks": 10250,
                                                          "Shared Dirtied Blocks": 0,
                                                          "Shared Written Blocks": 0,
                                                          "Local Hit Blocks": 0,
                                                          "Local Read Blocks": 0,
                                                          "Local Dirtied Blocks": 0,
                                                          "Local Written Blocks": 0,
                                                          "Temp Read Blocks": 0,
                                                          "Temp Written Blocks": 0,
                                                          "I/O Read Time": 243.152,
                                                          "I/O Write Time": 0
                                                        },
                                                        {
                                                          "Worker Number": 1,
                                                          "Actual Startup Time": 574.671,
                                                          "Actual Total Time": 581.509,
                                                          "Actual Rows": 1,
                                                          "Actual Loops": 1,
                                                          "Shared Hit Blocks": 4391,
                                                          "Shared Read Blocks": 9308,
                                                          "Shared Dirtied Blocks": 0,
                                                          "Shared Written Blocks": 0,
                                                          "Local Hit Blocks": 0,
                                                          "Local Read Blocks": 0,
                                                          "Local Dirtied Blocks": 0,
                                                          "Local Written Blocks": 0,
                                                          "Temp Read Blocks": 0,
                                                          "Temp Written Blocks": 0,
                                                          "I/O Read Time": 155.566,
                                                          "I/O Write Time": 0
                                                        }
                                                      ]
                                                    }
                                                  ]
                                                }
                                              ]
                                            },
                                            {
                                              "Node Type": "Index Scan",
                                              "Parent Relationship": "Inner",
                                              "Parallel Aware": false,
                                              "Scan Direction": "Forward",
                                              "Index Name": "publication_pkey",
                                              "Relation Name": "publication",
                                              "Schema": "PubSchema",
                                              "Alias": "p",
                                              "Startup Cost": 0.43,
                                              "Total Cost": 0.48,
                                              "Plan Rows": 1,
                                              "Plan Width": 120,
                                              "Actual Startup Time": 0.056,
                                              "Actual Total Time": 0.056,
                                              "Actual Rows": 1,
                                              "Actual Loops": 2,
                                              "Output": [
                                                "p.pubid",
                                                "p.pubkey",
                                                "p.mdate",
                                                "p.category",
                                                "p.title",
                                                "p.year"
                                              ],
                                              "Index Cond": "(p.pubid = ad.pubid)",
                                              "Rows Removed by Index Recheck": 0,
                                              "Filter": "(p.year = 2015)",
                                              "Rows Removed by Filter": 1,
                                              "Shared Hit Blocks": 8,
                                              "Shared Read Blocks": 0,
                                              "Shared Dirtied Blocks": 0,
                                              "Shared Written Blocks": 0,
                                              "Local Hit Blocks": 0,
                                              "Local Read Blocks": 0,
                                              "Local Dirtied Blocks": 0,
                                              "Local Written Blocks": 0,
                                              "Temp Read Blocks": 0,
                                              "Temp Written Blocks": 0,
                                              "I/O Read Time": 0,
                                              "I/O Write Time": 0
                                            }
                                          ]
                                        }
                                      ]
                                    }
                                  ]
                                }
                              ]
                            }
                          ]
                        }
                      ]
                    }
                  ]
                }
              ]
            }
          ]
        }
      ]
    },
    "Planning Time": 2.707,
    "Triggers": [],
    "Execution Time": 6101.44
  }
]