[
  {
    "Plan": {
      "Node Type": "Unique",
      "Parallel Aware": false,
      "Startup Cost": 538530.87,
      "Total Cost": 538530.9,
      "Plan Rows": 1,
      "Plan Width": 15,
      "Actual Startup Time": 11815.749,
      "Actual Total Time": 11816.886,
      "Actual Rows": 92,
      "Actual Loops": 1,
      "Output": [
        "a.aname"
      ],
      "Shared Hit Blocks": 209025,
      "Shared Read Blocks": 267467,
      "Shared Dirtied Blocks": 0,
      "Shared Written Blocks": 0,
      "Local Hit Blocks": 0,
      "Local Read Blocks": 0,
      "Local Dirtied Blocks": 0,
      "Local Written Blocks": 0,
      "Temp Read Blocks": 0,
      "Temp Written Blocks": 0,
      "I/O Read Time": 9497.942,
      "I/O Write Time": 0,
      "Plans": [
        {
          "Node Type": "Aggregate",
          "Strategy": "Sorted",
          "Partial Mode": "Simple",
          "Parent Relationship": "Outer",
          "Parallel Aware": false,
          "Startup Cost": 538530.87,
          "Total Cost": 538530.89,
          "Plan Rows": 1,
          "Plan Width": 15,
          "Actual Startup Time": 11815.746,
          "Actual Total Time": 11816.847,
          "Actual Rows": 92,
          "Actual Loops": 1,
          "Output": [
            "a.aname"
          ],
          "Group Key": [
            "a.aname"
          ],
          "Filter": "(count(p.pubkey) >= 10)",
          "Rows Removed by Filter": 130,
          "Shared Hit Blocks": 209025,
          "Shared Read Blocks": 267467,
          "Shared Dirtied Blocks": 0,
          "Shared Written Blocks": 0,
          "Local Hit Blocks": 0,
          "Local Read Blocks": 0,
          "Local Dirtied Blocks": 0,
          "Local Written Blocks": 0,
          "Temp Read Blocks": 0,
          "Temp Written Blocks": 0,
          "I/O Read Time": 9497.942,
          "I/O Write Time": 0,
          "Plans": [
            {
              "Node Type": "Sort",
              "Parent Relationship": "Outer",
              "Parallel Aware": false,
              "Startup Cost": 538530.87,
              "Total Cost": 538530.88,
              "Plan Rows": 1,
              "Plan Width": 38,
              "Actual Startup Time": 11815.724,
              "Actual Total Time": 11816.014,
              "Actual Rows": 2059,
              "Actual Loops": 1,
              "Output": [
                "a.aname",
                "p.pubkey"
              ],
              "Sort Key": [
                "a.aname"
              ],
              "Sort Method": "quicksort",
              "Sort Space Used": 275,
              "Sort Space Type": "Memory",
              "Shared Hit Blocks": 209025,
              "Shared Read Blocks": 267467,
              "Shared Dirtied Blocks": 0,
              "Shared Written Blocks": 0,
              "Local Hit Blocks": 0,
              "Local Read Blocks": 0,
              "Local Dirtied Blocks": 0,
              "Local Written Blocks": 0,
              "Temp Read Blocks": 0,
              "Temp Written Blocks": 0,
              "I/O Read Time": 9497.942,
              "I/O Write Time": 0,
              "Plans": [
                {
                  "Node Type": "Hash Join",
                  "Parent Relationship": "Outer",
                  "Parallel Aware": false,
                  "Join Type": "Inner",
                  "Startup Cost": 404809.96,
                  "Total Cost": 538530.86,
                  "Plan Rows": 1,
                  "Plan Width": 38,
                  "Actual Startup Time": 10518.595,
                  "Actual Total Time": 11803.758,
                  "Actual Rows": 2059,
                  "Actual Loops": 1,
                  "Output": [
                    "a.aname",
                    "p.pubkey"
                  ],
                  "Inner Unique": true,
                  "Hash Cond": "((a.aname)::text = (a_1.aname)::text)",
                  "Shared Hit Blocks": 209025,
                  "Shared Read Blocks": 267467,
                  "Shared Dirtied Blocks": 0,
                  "Shared Written Blocks": 0,
                  "Local Hit Blocks": 0,
                  "Local Read Blocks": 0,
                  "Local Dirtied Blocks": 0,
                  "Local Written Blocks": 0,
                  "Temp Read Blocks": 0,
                  "Temp Written Blocks": 0,
                  "I/O Read Time": 9497.942,
                  "I/O Write Time": 0,
                  "Plans": [
                    {
                      "Node Type": "Gather",
                      "Parent Relationship": "Outer",
                      "Parallel Aware": false,
                      "Startup Cost": 135509.41,
                      "Total Cost": 269227.03,
                      "Plan Rows": 1249,
                      "Plan Width": 38,
                      "Actual Startup Time": 3011.448,
                      "Actual Total Time": 4307.868,
                      "Actual Rows": 9088,
                      "Actual Loops": 1,
                      "Output": [
                        "p.pubkey",
                        "a.aname"
                      ],
                      "Workers Planned": 2,
                      "Workers Launched": 2,
                      "Single Copy": false,
                      "Shared Hit Blocks": 171065,
                      "Shared Read Blocks": 176967,
                      "Shared Dirtied Blocks": 0,
                      "Shared Written Blocks": 0,
                      "Local Hit Blocks": 0,
                      "Local Read Blocks": 0,
                      "Local Dirtied Blocks": 0,
                      "Local Written Blocks": 0,
                      "Temp Read Blocks": 0,
                      "Temp Written Blocks": 0,
                      "I/O Read Time": 5182.194,
                      "I/O Write Time": 0,
                      "Plans": [
                        {
                          "Node Type": "Nested Loop",
                          "Parent Relationship": "Outer",
                          "Parallel Aware": false,
                          "Join Type": "Inner",
                          "Startup Cost": 134509.41,
                          "Total Cost": 268102.13,
                          "Plan Rows": 520,
                          "Plan Width": 38,
                          "Actual Startup Time": 3016.91,
                          "Actual Total Time": 5067.269,
                          "Actual Rows": 3029,
                          "Actual Loops": 3,
                          "Output": [
                            "p.pubkey",
                            "a.aname"
                          ],
                          "Inner Unique": true,
                          "Shared Hit Blocks": 171065,
                          "Shared Read Blocks": 176967,
                          "Shared Dirtied Blocks": 0,
                          "Shared Written Blocks": 0,
                          "Local Hit Blocks": 0,
                          "Local Read Blocks": 0,
                          "Local Dirtied Blocks": 0,
                          "Local Written Blocks": 0,
                          "Temp Read Blocks": 0,
                          "Temp Written Blocks": 0,
                          "I/O Read Time": 5182.194,
                          "I/O Write Time": 0,
                          "Workers": [
                            {
                              "Worker Number": 0,
                              "Actual Startup Time": 2992.32,
                              "Actual Total Time": 5423.442,
                              "Actual Rows": 3201,
                              "Actual Loops": 1,
                              "Shared Hit Blocks": 55499,
                              "Shared Read Blocks": 62512,
                              "Shared Dirtied Blocks": 0,
                              "Shared Written Blocks": 0,
                              "Local Hit Blocks": 0,
                              "Local Read Blocks": 0,
                              "Local Dirtied Blocks": 0,
                              "Local Written Blocks": 0,
                              "Temp Read Blocks": 0,
                              "Temp Written Blocks": 0,
                              "I/O Read Time": 1835.765,
                              "I/O Write Time": 0
                            },
                            {
                              "Worker Number": 1,
                              "Actual Startup Time": 3049.355,
                              "Actual Total Time": 5493.277,
                              "Actual Rows": 3640,
                              "Actual Loops": 1,
                              "Shared Hit Blocks": 55773,
                              "Shared Read Blocks": 66697,
                              "Shared Dirtied Blocks": 0,
                              "Shared Written Blocks": 0,
                              "Local Hit Blocks": 0,
                              "Local Read Blocks": 0,
                              "Local Dirtied Blocks": 0,
                              "Local Written Blocks": 0,
                              "Temp Read Blocks": 0,
                              "Temp Written Blocks": 0,
                              "I/O Read Time": 2109.901,
                              "I/O Write Time": 0
                            }
                          ],
                          "Plans": [
                            {
                              "Node Type": "Hash Join",
                              "Parent Relationship": "Outer",
                              "Parallel Aware": false,
                              "Join Type": "Inner",
                              "Startup Cost": 134508.98,
                              "Total Cost": 267866.16,
                              "Plan Rows": 520,
                              "Plan Width": 27,
                              "Actual Startup Time": 3015.629,
                              "Actual Total Time": 4752.617,
                              "Actual Rows": 3029,
                              "Actual Loops": 3,
                              "Output": [
                                "p.pubkey",
                                "au.authorid"
                              ],
                              "Inner Unique": true,
                              "Hash Cond": "(au.pubid = p.pubid)",
                              "Shared Hit Blocks": 137700,
                              "Shared Read Blocks": 173962,
                              "Shared Dirtied Blocks": 0,
                              "Shared Written Blocks": 0,
                              "Local Hit Blocks": 0,
                              "Local Read Blocks": 0,
                              "Local Dirtied Blocks": 0,
                              "Local Written Blocks": 0,
                              "Temp Read Blocks": 0,
                              "Temp Written Blocks": 0,
                              "I/O Read Time": 4337.125,
                              "I/O Write Time": 0,
                              "Workers": [
                                {
                                  "Worker Number": 0,
                                  "Actual Startup Time": 2991.297,
                                  "Actual Total Time": 5045.528,
                                  "Actual Rows": 3201,
                                  "Actual Loops": 1,
                                  "Shared Hit Blocks": 43936,
                                  "Shared Read Blocks": 61267,
                                  "Shared Dirtied Blocks": 0,
                                  "Shared Written Blocks": 0,
                                  "Local Hit Blocks": 0,
                                  "Local Read Blocks": 0,
                                  "Local Dirtied Blocks": 0,
                                  "Local Written Blocks": 0,
                                  "Temp Read Blocks": 0,
                                  "Temp Written Blocks": 0,
                                  "I/O Read Time": 1495.402,
                                  "I/O Write Time": 0
                                },
                                {
                                  "Worker Number": 1,
                                  "Actual Startup Time": 3047.173,
                                  "Actual Total Time": 5045.553,
                                  "Actual Rows": 3640,
                                  "Actual Loops": 1,
                                  "Shared Hit Blocks": 42542,
                                  "Shared Read Blocks": 65357,
                                  "Shared Dirtied Blocks": 0,
                                  "Shared Written Blocks": 0,
                                  "Local Hit Blocks": 0,
                                  "Local Read Blocks": 0,
                                  "Local Dirtied Blocks": 0,
                                  "Local Written Blocks": 0,
                                  "Temp Read Blocks": 0,
                                  "Temp Written Blocks": 0,
                                  "I/O Read Time": 1704.288,
                                  "I/O Write Time": 0
                                }
                              ],
                              "Plans": [
                                {
                                  "Node Type": "Seq Scan",
                                  "Parent Relationship": "Outer",
                                  "Parallel Aware": true,
                                  "Relation Name": "authored",
                                  "Schema": "PubSchema",
                                  "Alias": "au",
                                  "Startup Cost": 0,
                                  "Total Cost": 119681.77,
                                  "Plan Rows": 5209677,
                                  "Plan Width": 8,
                                  "Actual Startup Time": 1.382,
                                  "Actual Total Time": 1040.287,
                                  "Actual Rows": 4167738,
                                  "Actual Loops": 3,
                                  "Output": [
                                    "au.authoredid",
                                    "au.authorid",
                                    "au.pubid"
                                  ],
                                  "Shared Hit Blocks": 96,
                                  "Shared Read Blocks": 67489,
                                  "Shared Dirtied Blocks": 0,
                                  "Shared Written Blocks": 0,
                                  "Local Hit Blocks": 0,
                                  "Local Read Blocks": 0,
                                  "Local Dirtied Blocks": 0,
                                  "Local Written Blocks": 0,
                                  "Temp Read Blocks": 0,
                                  "Temp Written Blocks": 0,
                                  "I/O Read Time": 1668.056,
                                  "I/O Write Time": 0,
                                  "Workers": [
                                    {
                                      "Worker Number": 0,
                                      "Actual Startup Time": 0.512,
                                      "Actual Total Time": 1289.333,
                                      "Actual Rows": 4408550,
                                      "Actual Loops": 1,
                                      "Shared Hit Blocks": 27,
                                      "Shared Read Blocks": 23803,
                                      "Shared Dirtied Blocks": 0,
                                      "Shared Written Blocks": 0,
                                      "Local Hit Blocks": 0,
                                      "Local Read Blocks": 0,
                                      "Local Dirtied Blocks": 0,
                                      "Local Written Blocks": 0,
                                      "Temp Read Blocks": 0,
                                      "Temp Written Blocks": 0,
                                      "I/O Read Time": 683.497,
                                      "I/O Write Time": 0
                                    },
                                    {
                                      "Worker Number": 1,
                                      "Actual Startup Time": 0.623,
                                      "Actual Total Time": 1201.424,
                                      "Actual Rows": 4907300,
                                      "Actual Loops": 1,
                                      "Shared Hit Blocks": 36,
                                      "Shared Read Blocks": 26490,
                                      "Shared Dirtied Blocks": 0,
                                      "Shared Written Blocks": 0,
                                      "Local Hit Blocks": 0,
                                      "Local Read Blocks": 0,
                                      "Local Dirtied Blocks": 0,
                                      "Local Written Blocks": 0,
                                      "Temp Read Blocks": 0,
                                      "Temp Written Blocks": 0,
                                      "I/O Read Time": 689.548,
                                      "I/O Write Time": 0
                                    }
                                  ]
                                },
                                {
                                  "Node Type": "Hash",
                                  "Parent Relationship": "Inner",
                                  "Parallel Aware": false,
                                  "Startup Cost": 134503.66,
                                  "Total Cost": 134503.66,
                                  "Plan Rows": 425,
                                  "Plan Width": 27,
                                  "Actual Startup Time": 3012.976,
                                  "Actual Total Time": 3012.976,
                                  "Actual Rows": 2215,
                                  "Actual Loops": 3,
                                  "Output": [
                                    "p.pubkey",
                                    "p.pubid"
                                  ],
                                  "Hash Buckets": 4096,
                                  "Original Hash Buckets": 1024,
                                  "Hash Batches": 1,
                                  "Original Hash Batches": 1,
                                  "Peak Memory Usage": 172,
                                  "Shared Hit Blocks": 137520,
                                  "Shared Read Blocks": 106473,
                                  "Shared Dirtied Blocks": 0,
                                  "Shared Written Blocks": 0,
                                  "Local Hit Blocks": 0,
                                  "Local Read Blocks": 0,
                                  "Local Dirtied Blocks": 0,
                                  "Local Written Blocks": 0,
                                  "Temp Read Blocks": 0,
                                  "Temp Written Blocks": 0,
                                  "I/O Read Time": 2669.069,
                                  "I/O Write Time": 0,
                                  "Workers": [
                                    {
                                      "Worker Number": 0,
                                      "Actual Startup Time": 2989.594,
                                      "Actual Total Time": 2989.594,
                                      "Actual Rows": 2215,
                                      "Actual Loops": 1,
                                      "Shared Hit Blocks": 43867,
                                      "Shared Read Blocks": 37464,
                                      "Shared Dirtied Blocks": 0,
                                      "Shared Written Blocks": 0,
                                      "Local Hit Blocks": 0,
                                      "Local Read Blocks": 0,
                                      "Local Dirtied Blocks": 0,
                                      "Local Written Blocks": 0,
                                      "Temp Read Blocks": 0,
                                      "Temp Written Blocks": 0,
                                      "I/O Read Time": 811.906,
                                      "I/O Write Time": 0
                                    },
                                    {
                                      "Worker Number": 1,
                                      "Actual Startup Time": 3044.527,
                                      "Actual Total Time": 3044.527,
                                      "Actual Rows": 2215,
                                      "Actual Loops": 1,
                                      "Shared Hit Blocks": 42464,
                                      "Shared Read Blocks": 38867,
                                      "Shared Dirtied Blocks": 0,
                                      "Shared Written Blocks": 0,
                                      "Local Hit Blocks": 0,
                                      "Local Read Blocks": 0,
                                      "Local Dirtied Blocks": 0,
                                      "Local Written Blocks": 0,
                                      "Temp Read Blocks": 0,
                                      "Temp Written Blocks": 0,
                                      "I/O Read Time": 1014.741,
                                      "I/O Write Time": 0
                                    }
                                  ],
                                  "Plans": [
                                    {
                                      "Node Type": "Seq Scan",
                                      "Parent Relationship": "Outer",
                                      "Parallel Aware": false,
                                      "Relation Name": "publication",
                                      "Schema": "PubSchema",
                                      "Alias": "p",
                                      "Startup Cost": 0,
                                      "Total Cost": 134503.66,
                                      "Plan Rows": 425,
                                      "Plan Width": 27,
                                      "Actual Startup Time": 1022.967,
                                      "Actual Total Time": 3012.295,
                                      "Actual Rows": 2215,
                                      "Actual Loops": 3,
                                      "Output": [
                                        "p.pubkey",
                                        "p.pubid"
                                      ],
                                      "Filter": "((p.pubkey)::text ~~ '%pvldb%'::text)",
                                      "Rows Removed by Filter": 4251598,
                                      "Shared Hit Blocks": 137520,
                                      "Shared Read Blocks": 106473,
                                      "Shared Dirtied Blocks": 0,
                                      "Shared Written Blocks": 0,
                                      "Local Hit Blocks": 0,
                                      "Local Read Blocks": 0,
                                      "Local Dirtied Blocks": 0,
                                      "Local Written Blocks": 0,
                                      "Temp Read Blocks": 0,
                                      "Temp Written Blocks": 0,
                                      "I/O Read Time": 2669.069,
                                      "I/O Write Time": 0,
                                      "Workers": [
                                        {
                                          "Worker Number": 0,
                                          "Actual Startup Time": 971.213,
                                          "Actual Total Time": 2988.985,
                                          "Actual Rows": 2215,
                                          "Actual Loops": 1,
                                          "Shared Hit Blocks": 43867,
                                          "Shared Read Blocks": 37464,
                                          "Shared Dirtied Blocks": 0,
                                          "Shared Written Blocks": 0,
                                          "Local Hit Blocks": 0,
                                          "Local Read Blocks": 0,
                                          "Local Dirtied Blocks": 0,
                                          "Local Written Blocks": 0,
                                          "Temp Read Blocks": 0,
                                          "Temp Written Blocks": 0,
                                          "I/O Read Time": 811.906,
                                          "I/O Write Time": 0
                                        },
                                        {
                                          "Worker Number": 1,
                                          "Actual Startup Time": 1014.801,
                                          "Actual Total Time": 3043.69,
                                          "Actual Rows": 2215,
                                          "Actual Loops": 1,
                                          "Shared Hit Blocks": 42464,
                                          "Shared Read Blocks": 38867,
                                          "Shared Dirtied Blocks": 0,
                                          "Shared Written Blocks": 0,
                                          "Local Hit Blocks": 0,
                                          "Local Read Blocks": 0,
                                          "Local Dirtied Blocks": 0,
                                          "Local Written Blocks": 0,
                                          "Temp Read Blocks": 0,
                                          "Temp Written Blocks": 0,
                                          "I/O Read Time": 1014.741,
                                          "I/O Write Time": 0
                                        }
                                      ]
                                    }
                                  ]
                                }
                              ]
                            },
                            {
                              "Node Type": "Index Scan",
                              "Parent Relationship": "Inner",
                              "Parallel Aware": false,
                              "Scan Direction": "Forward",
                              "Index Name": "author_pkey",
                              "Relation Name": "author",
                              "Schema": "PubSchema",
                              "Alias": "a",
                              "Startup Cost": 0.43,
                              "Total Cost": 0.45,
                              "Plan Rows": 1,
                              "Plan Width": 19,
                              "Actual Startup Time": 0.102,
                              "Actual Total Time": 0.102,
                              "Actual Rows": 1,
                              "Actual Loops": 9088,
                              "Output": [
                                "a.authorid",
                                "a.aname"
                              ],
                              "Index Cond": "(a.authorid = au.authorid)",
                              "Rows Removed by Index Recheck": 0,
                              "Shared Hit Blocks": 33365,
                              "Shared Read Blocks": 3005,
                              "Shared Dirtied Blocks": 0,
                              "Shared Written Blocks": 0,
                              "Local Hit Blocks": 0,
                              "Local Read Blocks": 0,
                              "Local Dirtied Blocks": 0,
                              "Local Written Blocks": 0,
                              "Temp Read Blocks": 0,
                              "Temp Written Blocks": 0,
                              "I/O Read Time": 845.069,
                              "I/O Write Time": 0,
                              "Workers": [
                                {
                                  "Worker Number": 0,
                                  "Actual Startup Time": 0.116,
                                  "Actual Total Time": 0.116,
                                  "Actual Rows": 1,
                                  "Actual Loops": 3201,
                                  "Shared Hit Blocks": 11563,
                                  "Shared Read Blocks": 1245,
                                  "Shared Dirtied Blocks": 0,
                                  "Shared Written Blocks": 0,
                                  "Local Hit Blocks": 0,
                                  "Local Read Blocks": 0,
                                  "Local Dirtied Blocks": 0,
                                  "Local Written Blocks": 0,
                                  "Temp Read Blocks": 0,
                                  "Temp Written Blocks": 0,
                                  "I/O Read Time": 340.363,
                                  "I/O Write Time": 0
                                },
                                {
                                  "Worker Number": 1,
                                  "Actual Startup Time": 0.121,
                                  "Actual Total Time": 0.121,
                                  "Actual Rows": 1,
                                  "Actual Loops": 3640,
                                  "Shared Hit Blocks": 13231,
                                  "Shared Read Blocks": 1340,
                                  "Shared Dirtied Blocks": 0,
                                  "Shared Written Blocks": 0,
                                  "Local Hit Blocks": 0,
                                  "Local Read Blocks": 0,
                                  "Local Dirtied Blocks": 0,
                                  "Local Written Blocks": 0,
                                  "Temp Read Blocks": 0,
                                  "Temp Written Blocks": 0,
                                  "I/O Read Time": 405.613,
                                  "I/O Write Time": 0
                                }
                              ]
                            }
                          ]
                        }
                      ]
                    },
                    {
                      "Node Type": "Hash",
                      "Parent Relationship": "Inner",
                      "Parallel Aware": false,
                      "Startup Cost": 269284.94,
                      "Total Cost": 269284.94,
                      "Plan Rows": 1249,
                      "Plan Width": 15,
                      "Actual Startup Time": 7506.926,
                      "Actual Total Time": 7506.926,
                      "Actual Rows": 261,
                      "Actual Loops": 1,
                      "Output": [
                        "a_1.aname"
                      ],
                      "Hash Buckets": 2048,
                      "Original Hash Buckets": 2048,
                      "Hash Batches": 1,
                      "Original Hash Batches": 1,
                      "Peak Memory Usage": 29,
                      "Shared Hit Blocks": 37960,
                      "Shared Read Blocks": 90500,
                      "Shared Dirtied Blocks": 0,
                      "Shared Written Blocks": 0,
                      "Local Hit Blocks": 0,
                      "Local Read Blocks": 0,
                      "Local Dirtied Blocks": 0,
                      "Local Written Blocks": 0,
                      "Temp Read Blocks": 0,
                      "Temp Written Blocks": 0,
                      "I/O Read Time": 4315.748,
                      "I/O Write Time": 0,
                      "Plans": [
                        {
                          "Node Type": "Aggregate",
                          "Strategy": "Sorted",
                          "Partial Mode": "Finalize",
                          "Parent Relationship": "Outer",
                          "Parallel Aware": false,
                          "Startup Cost": 269125.62,
                          "Total Cost": 269272.45,
                          "Plan Rows": 1249,
                          "Plan Width": 15,
                          "Actual Startup Time": 7486.565,
                          "Actual Total Time": 7506.763,
                          "Actual Rows": 261,
                          "Actual Loops": 1,
                          "Output": [
                            "a_1.aname"
                          ],
                          "Group Key": [
                            "a_1.aname"
                          ],
                          "Filter": "(count(p_1.pubkey) >= 10)",
                          "Rows Removed by Filter": 8342,
                          "Shared Hit Blocks": 37960,
                          "Shared Read Blocks": 90500,
                          "Shared Dirtied Blocks": 0,
                          "Shared Written Blocks": 0,
                          "Local Hit Blocks": 0,
                          "Local Read Blocks": 0,
                          "Local Dirtied Blocks": 0,
                          "Local Written Blocks": 0,
                          "Temp Read Blocks": 0,
                          "Temp Written Blocks": 0,
                          "I/O Read Time": 4315.748,
                          "I/O Write Time": 0,
                          "Plans": [
                            {
                              "Node Type": "Gather Merge",
                              "Parent Relationship": "Outer",
                              "Parallel Aware": false,
                              "Startup Cost": 269125.62,
                              "Total Cost": 269254.76,
                              "Plan Rows": 1040,
                              "Plan Width": 23,
                              "Actual Startup Time": 7486.297,
                              "Actual Total Time": 7502.779,
                              "Actual Rows": 11713,
                              "Actual Loops": 1,
                              "Output": [
                                "a_1.aname",
                                "(PARTIAL count(p_1.pubkey))"
                              ],
                              "Workers Planned": 2,
                              "Workers Launched": 2,
                              "Shared Hit Blocks": 126892,
                              "Shared Read Blocks": 260758,
                              "Shared Dirtied Blocks": 0,
                              "Shared Written Blocks": 0,
                              "Local Hit Blocks": 0,
                              "Local Read Blocks": 0,
                              "Local Dirtied Blocks": 0,
                              "Local Written Blocks": 0,
                              "Temp Read Blocks": 0,
                              "Temp Written Blocks": 0,
                              "I/O Read Time": 12707.146,
                              "I/O Write Time": 0,
                              "Plans": [
                                {
                                  "Node Type": "Aggregate",
                                  "Strategy": "Sorted",
                                  "Partial Mode": "Partial",
                                  "Parent Relationship": "Outer",
                                  "Parallel Aware": false,
                                  "Startup Cost": 268125.59,
                                  "Total Cost": 268134.69,
                                  "Plan Rows": 520,
                                  "Plan Width": 23,
                                  "Actual Startup Time": 7377.423,
                                  "Actual Total Time": 7380.322,
                                  "Actual Rows": 3904,
                                  "Actual Loops": 3,
                                  "Output": [
                                    "a_1.aname",
                                    "PARTIAL count(p_1.pubkey)"
                                  ],
                                  "Group Key": [
                                    "a_1.aname"
                                  ],
                                  "Shared Hit Blocks": 126892,
                                  "Shared Read Blocks": 260758,
                                  "Shared Dirtied Blocks": 0,
                                  "Shared Written Blocks": 0,
                                  "Local Hit Blocks": 0,
                                  "Local Read Blocks": 0,
                                  "Local Dirtied Blocks": 0,
                                  "Local Written Blocks": 0,
                                  "Temp Read Blocks": 0,
                                  "Temp Written Blocks": 0,
                                  "I/O Read Time": 12707.146,
                                  "I/O Write Time": 0,
                                  "Workers": [
                                    {
                                      "Worker Number": 0,
                                      "Actual Startup Time": 7239.106,
                                      "Actual Total Time": 7242.018,
                                      "Actual Rows": 3803,
                                      "Actual Loops": 1,
                                      "Shared Hit Blocks": 43730,
                                      "Shared Read Blocks": 83610,
                                      "Shared Dirtied Blocks": 0,
                                      "Shared Written Blocks": 0,
                                      "Local Hit Blocks": 0,
                                      "Local Read Blocks": 0,
                                      "Local Dirtied Blocks": 0,
                                      "Local Written Blocks": 0,
                                      "Temp Read Blocks": 0,
                                      "Temp Written Blocks": 0,
                                      "I/O Read Time": 4124.413,
                                      "I/O Write Time": 0
                                    },
                                    {
                                      "Worker Number": 1,
                                      "Actual Startup Time": 7407.963,
                                      "Actual Total Time": 7410.894,
                                      "Actual Rows": 4032,
                                      "Actual Loops": 1,
                                      "Shared Hit Blocks": 45202,
                                      "Shared Read Blocks": 86648,
                                      "Shared Dirtied Blocks": 0,
                                      "Shared Written Blocks": 0,
                                      "Local Hit Blocks": 0,
                                      "Local Read Blocks": 0,
                                      "Local Dirtied Blocks": 0,
                                      "Local Written Blocks": 0,
                                      "Temp Read Blocks": 0,
                                      "Temp Written Blocks": 0,
                                      "I/O Read Time": 4266.986,
                                      "I/O Write Time": 0
                                    }
                                  ],
                                  "Plans": [
                                    {
                                      "Node Type": "Sort",
                                      "Parent Relationship": "Outer",
                                      "Parallel Aware": false,
                                      "Startup Cost": 268125.59,
                                      "Total Cost": 268126.89,
                                      "Plan Rows": 520,
                                      "Plan Width": 38,
                                      "Actual Startup Time": 7377.409,
                                      "Actual Total Time": 7378.088,
                                      "Actual Rows": 6331,
                                      "Actual Loops": 3,
                                      "Output": [
                                        "a_1.aname",
                                        "p_1.pubkey"
                                      ],
                                      "Sort Key": [
                                        "a_1.aname"
                                      ],
                                      "Sort Method": "quicksort",
                                      "Sort Space Used": 729,
                                      "Sort Space Type": "Memory",
                                      "Shared Hit Blocks": 126892,
                                      "Shared Read Blocks": 260758,
                                      "Shared Dirtied Blocks": 0,
                                      "Shared Written Blocks": 0,
                                      "Local Hit Blocks": 0,
                                      "Local Read Blocks": 0,
                                      "Local Dirtied Blocks": 0,
                                      "Local Written Blocks": 0,
                                      "Temp Read Blocks": 0,
                                      "Temp Written Blocks": 0,
                                      "I/O Read Time": 12707.146,
                                      "I/O Write Time": 0,
                                      "Workers": [
                                        {
                                          "Worker Number": 0,
                                          "Actual Startup Time": 7239.091,
                                          "Actual Total Time": 7239.757,
                                          "Actual Rows": 6041,
                                          "Actual Loops": 1,
                                          "Shared Hit Blocks": 43730,
                                          "Shared Read Blocks": 83610,
                                          "Shared Dirtied Blocks": 0,
                                          "Shared Written Blocks": 0,
                                          "Local Hit Blocks": 0,
                                          "Local Read Blocks": 0,
                                          "Local Dirtied Blocks": 0,
                                          "Local Written Blocks": 0,
                                          "Temp Read Blocks": 0,
                                          "Temp Written Blocks": 0,
                                          "I/O Read Time": 4124.413,
                                          "I/O Write Time": 0
                                        },
                                        {
                                          "Worker Number": 1,
                                          "Actual Startup Time": 7407.944,
                                          "Actual Total Time": 7408.632,
                                          "Actual Rows": 6683,
                                          "Actual Loops": 1,
                                          "Shared Hit Blocks": 45202,
                                          "Shared Read Blocks": 86648,
                                          "Shared Dirtied Blocks": 0,
                                          "Shared Written Blocks": 0,
                                          "Local Hit Blocks": 0,
                                          "Local Read Blocks": 0,
                                          "Local Dirtied Blocks": 0,
                                          "Local Written Blocks": 0,
                                          "Temp Read Blocks": 0,
                                          "Temp Written Blocks": 0,
                                          "I/O Read Time": 4266.986,
                                          "I/O Write Time": 0
                                        }
                                      ],
                                      "Plans": [
                                        {
                                          "Node Type": "Nested Loop",
                                          "Parent Relationship": "Outer",
                                          "Parallel Aware": false,
                                          "Join Type": "Inner",
                                          "Startup Cost": 134509.41,
                                          "Total Cost": 268102.13,
                                          "Plan Rows": 520,
                                          "Plan Width": 38,
                                          "Actual Startup Time": 3257.672,
                                          "Actual Total Time": 7345.725,
                                          "Actual Rows": 6331,
                                          "Actual Loops": 3,
                                          "Output": [
                                            "a_1.aname",
                                            "p_1.pubkey"
                                          ],
                                          "Inner Unique": true,
                                          "Shared Hit Blocks": 126871,
                                          "Shared Read Blocks": 260757,
                                          "Shared Dirtied Blocks": 0,
                                          "Shared Written Blocks": 0,
                                          "Local Hit Blocks": 0,
                                          "Local Read Blocks": 0,
                                          "Local Dirtied Blocks": 0,
                                          "Local Written Blocks": 0,
                                          "Temp Read Blocks": 0,
                                          "Temp Written Blocks": 0,
                                          "I/O Read Time": 12706.893,
                                          "I/O Write Time": 0,
                                          "Workers": [
                                            {
                                              "Worker Number": 0,
                                              "Actual Startup Time": 3192.426,
                                              "Actual Total Time": 7215.628,
                                              "Actual Rows": 6041,
                                              "Actual Loops": 1,
                                              "Shared Hit Blocks": 43719,
                                              "Shared Read Blocks": 83610,
                                              "Shared Dirtied Blocks": 0,
                                              "Shared Written Blocks": 0,
                                              "Local Hit Blocks": 0,
                                              "Local Read Blocks": 0,
                                              "Local Dirtied Blocks": 0,
                                              "Local Written Blocks": 0,
                                              "Temp Read Blocks": 0,
                                              "Temp Written Blocks": 0,
                                              "I/O Read Time": 4124.413,
                                              "I/O Write Time": 0
                                            },
                                            {
                                              "Worker Number": 1,
                                              "Actual Startup Time": 3167.021,
                                              "Actual Total Time": 7372.301,
                                              "Actual Rows": 6683,
                                              "Actual Loops": 1,
                                              "Shared Hit Blocks": 45192,
                                              "Shared Read Blocks": 86647,
                                              "Shared Dirtied Blocks": 0,
                                              "Shared Written Blocks": 0,
                                              "Local Hit Blocks": 0,
                                              "Local Read Blocks": 0,
                                              "Local Dirtied Blocks": 0,
                                              "Local Written Blocks": 0,
                                              "Temp Read Blocks": 0,
                                              "Temp Written Blocks": 0,
                                              "I/O Read Time": 4266.732,
                                              "I/O Write Time": 0
                                            }
                                          ],
                                          "Plans": [
                                            {
                                              "Node Type": "Hash Join",
                                              "Parent Relationship": "Outer",
                                              "Parallel Aware": false,
                                              "Join Type": "Inner",
                                              "Startup Cost": 134508.98,
                                              "Total Cost": 267866.16,
                                              "Plan Rows": 520,
                                              "Plan Width": 27,
                                              "Actual Startup Time": 3257.173,
                                              "Actual Total Time": 6520.987,
                                              "Actual Rows": 6331,
                                              "Actual Loops": 3,
                                              "Output": [
                                                "p_1.pubkey",
                                                "au_1.authorid"
                                              ],
                                              "Inner Unique": true,
                                              "Hash Cond": "(au_1.pubid = p_1.pubid)",
                                              "Shared Hit Blocks": 60657,
                                              "Shared Read Blocks": 250949,
                                              "Shared Dirtied Blocks": 0,
                                              "Shared Written Blocks": 0,
                                              "Local Hit Blocks": 0,
                                              "Local Read Blocks": 0,
                                              "Local Dirtied Blocks": 0,
                                              "Local Written Blocks": 0,
                                              "Temp Read Blocks": 0,
                                              "Temp Written Blocks": 0,
                                              "I/O Read Time": 10444.163,
                                              "I/O Write Time": 0,
                                              "Workers": [
                                                {
                                                  "Worker Number": 0,
                                                  "Actual Startup Time": 3191.457,
                                                  "Actual Total Time": 6408.728,
                                                  "Actual Rows": 6041,
                                                  "Actual Loops": 1,
                                                  "Shared Hit Blocks": 22694,
                                                  "Shared Read Blocks": 80460,
                                                  "Shared Dirtied Blocks": 0,
                                                  "Shared Written Blocks": 0,
                                                  "Local Hit Blocks": 0,
                                                  "Local Read Blocks": 0,
                                                  "Local Dirtied Blocks": 0,
                                                  "Local Written Blocks": 0,
                                                  "Temp Read Blocks": 0,
                                                  "Temp Written Blocks": 0,
                                                  "I/O Read Time": 3389.693,
                                                  "I/O Write Time": 0
                                                },
                                                {
                                                  "Worker Number": 1,
                                                  "Actual Startup Time": 3166.964,
                                                  "Actual Total Time": 6500.131,
                                                  "Actual Rows": 6683,
                                                  "Actual Loops": 1,
                                                  "Shared Hit Blocks": 21927,
                                                  "Shared Read Blocks": 83159,
                                                  "Shared Dirtied Blocks": 0,
                                                  "Shared Written Blocks": 0,
                                                  "Local Hit Blocks": 0,
                                                  "Local Read Blocks": 0,
                                                  "Local Dirtied Blocks": 0,
                                                  "Local Written Blocks": 0,
                                                  "Temp Read Blocks": 0,
                                                  "Temp Written Blocks": 0,
                                                  "I/O Read Time": 3468.314,
                                                  "I/O Write Time": 0
                                                }
                                              ],
                                              "Plans": [
                                                {
                                                  "Node Type": "Seq Scan",
                                                  "Parent Relationship": "Outer",
                                                  "Parallel Aware": true,
                                                  "Relation Name": "authored",
                                                  "Schema": "PubSchema",
                                                  "Alias": "au_1",
                                                  "Startup Cost": 0,
                                                  "Total Cost": 119681.77,
                                                  "Plan Rows": 5209677,
                                                  "Plan Width": 8,
                                                  "Actual Startup Time": 0.133,
                                                  "Actual Total Time": 2360.583,
                                                  "Actual Rows": 4167738,
                                                  "Actual Loops": 3,
                                                  "Output": [
                                                    "au_1.authoredid",
                                                    "au_1.authorid",
                                                    "au_1.pubid"
                                                  ],
                                                  "Shared Hit Blocks": 68,
                                                  "Shared Read Blocks": 67517,
                                                  "Shared Dirtied Blocks": 0,
                                                  "Shared Written Blocks": 0,
                                                  "Local Hit Blocks": 0,
                                                  "Local Read Blocks": 0,
                                                  "Local Dirtied Blocks": 0,
                                                  "Local Written Blocks": 0,
                                                  "Temp Read Blocks": 0,
                                                  "Temp Written Blocks": 0,
                                                  "I/O Read Time": 5731.852,
                                                  "I/O Write Time": 0,
                                                  "Workers": [
                                                    {
                                                      "Worker Number": 0,
                                                      "Actual Startup Time": 0.358,
                                                      "Actual Total Time": 2332.172,
                                                      "Actual Rows": 4034665,
                                                      "Actual Loops": 1,
                                                      "Shared Hit Blocks": 16,
                                                      "Shared Read Blocks": 21793,
                                                      "Shared Dirtied Blocks": 0,
                                                      "Shared Written Blocks": 0,
                                                      "Local Hit Blocks": 0,
                                                      "Local Read Blocks": 0,
                                                      "Local Dirtied Blocks": 0,
                                                      "Local Written Blocks": 0,
                                                      "Temp Read Blocks": 0,
                                                      "Temp Written Blocks": 0,
                                                      "I/O Read Time": 1895.071,
                                                      "I/O Write Time": 0
                                                    },
                                                    {
                                                      "Worker Number": 1,
                                                      "Actual Startup Time": 0.02,
                                                      "Actual Total Time": 2397.098,
                                                      "Actual Rows": 4392085,
                                                      "Actual Loops": 1,
                                                      "Shared Hit Blocks": 23,
                                                      "Shared Read Blocks": 23718,
                                                      "Shared Dirtied Blocks": 0,
                                                      "Shared Written Blocks": 0,
                                                      "Local Hit Blocks": 0,
                                                      "Local Read Blocks": 0,
                                                      "Local Dirtied Blocks": 0,
                                                      "Local Written Blocks": 0,
                                                      "Temp Read Blocks": 0,
                                                      "Temp Written Blocks": 0,
                                                      "I/O Read Time": 1932.992,
                                                      "I/O Write Time": 0
                                                    }
                                                  ]
                                                },
                                                {
                                                  "Node Type": "Hash",
                                                  "Parent Relationship": "Inner",
                                                  "Parallel Aware": false,
                                                  "Startup Cost": 134503.66,
                                                  "Total Cost": 134503.66,
                                                  "Plan Rows": 425,
                                                  "Plan Width": 27,
                                                  "Actual Startup Time": 3256.44,
                                                  "Actual Total Time": 3256.44,
                                                  "Actual Rows": 6318,
                                                  "Actual Loops": 3,
                                                  "Output": [
                                                    "p_1.pubkey",
                                                    "p_1.pubid"
                                                  ],
                                                  "Hash Buckets": 8192,
                                                  "Original Hash Buckets": 1024,
                                                  "Hash Batches": 1,
                                                  "Original Hash Batches": 1,
                                                  "Peak Memory Usage": 446,
                                                  "Shared Hit Blocks": 60561,
                                                  "Shared Read Blocks": 183432,
                                                  "Shared Dirtied Blocks": 0,
                                                  "Shared Written Blocks": 0,
                                                  "Local Hit Blocks": 0,
                                                  "Local Read Blocks": 0,
                                                  "Local Dirtied Blocks": 0,
                                                  "Local Written Blocks": 0,
                                                  "Temp Read Blocks": 0,
                                                  "Temp Written Blocks": 0,
                                                  "I/O Read Time": 4712.311,
                                                  "I/O Write Time": 0,
                                                  "Workers": [
                                                    {
                                                      "Worker Number": 0,
                                                      "Actual Startup Time": 3190.644,
                                                      "Actual Total Time": 3190.644,
                                                      "Actual Rows": 6318,
                                                      "Actual Loops": 1,
                                                      "Shared Hit Blocks": 22664,
                                                      "Shared Read Blocks": 58667,
                                                      "Shared Dirtied Blocks": 0,
                                                      "Shared Written Blocks": 0,
                                                      "Local Hit Blocks": 0,
                                                      "Local Read Blocks": 0,
                                                      "Local Dirtied Blocks": 0,
                                                      "Local Written Blocks": 0,
                                                      "Temp Read Blocks": 0,
                                                      "Temp Written Blocks": 0,
                                                      "I/O Read Time": 1494.622,
                                                      "I/O Write Time": 0
                                                    },
                                                    {
                                                      "Worker Number": 1,
                                                      "Actual Startup Time": 3166.157,
                                                      "Actual Total Time": 3166.157,
                                                      "Actual Rows": 6318,
                                                      "Actual Loops": 1,
                                                      "Shared Hit Blocks": 21890,
                                                      "Shared Read Blocks": 59441,
                                                      "Shared Dirtied Blocks": 0,
                                                      "Shared Written Blocks": 0,
                                                      "Local Hit Blocks": 0,
                                                      "Local Read Blocks": 0,
                                                      "Local Dirtied Blocks": 0,
                                                      "Local Written Blocks": 0,
                                                      "Temp Read Blocks": 0,
                                                      "Temp Written Blocks": 0,
                                                      "I/O Read Time": 1535.321,
                                                      "I/O Write Time": 0
                                                    }
                                                  ],
                                                  "Plans": [
                                                    {
                                                      "Node Type": "Seq Scan",
                                                      "Parent Relationship": "Outer",
                                                      "Parallel Aware": false,
                                                      "Relation Name": "publication",
                                                      "Schema": "PubSchema",
                                                      "Alias": "p_1",
                                                      "Startup Cost": 0,
                                                      "Total Cost": 134503.66,
                                                      "Plan Rows": 425,
                                                      "Plan Width": 27,
                                                      "Actual Startup Time": 1944.153,
                                                      "Actual Total Time": 3254.047,
                                                      "Actual Rows": 6318,
                                                      "Actual Loops": 3,
                                                      "Output": [
                                                        "p_1.pubkey",
                                                        "p_1.pubid"
                                                      ],
                                                      "Filter": "((p_1.pubkey)::text ~~ '%sigmod%'::text)",
                                                      "Rows Removed by Filter": 4247495,
                                                      "Shared Hit Blocks": 60561,
                                                      "Shared Read Blocks": 183432,
                                                      "Shared Dirtied Blocks": 0,
                                                      "Shared Written Blocks": 0,
                                                      "Local Hit Blocks": 0,
                                                      "Local Read Blocks": 0,
                                                      "Local Dirtied Blocks": 0,
                                                      "Local Written Blocks": 0,
                                                      "Temp Read Blocks": 0,
                                                      "Temp Written Blocks": 0,
                                                      "I/O Read Time": 4712.311,
                                                      "I/O Write Time": 0,
                                                      "Workers": [
                                                        {
                                                          "Worker Number": 0,
                                                          "Actual Startup Time": 1694.744,
                                                          "Actual Total Time": 3188.541,
                                                          "Actual Rows": 6318,
                                                          "Actual Loops": 1,
                                                          "Shared Hit Blocks": 22664,
                                                          "Shared Read Blocks": 58667,
                                                          "Shared Dirtied Blocks": 0,
                                                          "Shared Written Blocks": 0,
                                                          "Local Hit Blocks": 0,
                                                          "Local Read Blocks": 0,
                                                          "Local Dirtied Blocks": 0,
                                                          "Local Written Blocks": 0,
                                                          "Temp Read Blocks": 0,
                                                          "Temp Written Blocks": 0,
                                                          "I/O Read Time": 1494.622,
                                                          "I/O Write Time": 0
                                                        },
                                                        {
                                                          "Worker Number": 1,
                                                          "Actual Startup Time": 1870.761,
                                                          "Actual Total Time": 3163.794,
                                                          "Actual Rows": 6318,
                                                          "Actual Loops": 1,
                                                          "Shared Hit Blocks": 21890,
                                                          "Shared Read Blocks": 59441,
                                                          "Shared Dirtied Blocks": 0,
                                                          "Shared Written Blocks": 0,
                                                          "Local Hit Blocks": 0,
                                                          "Local Read Blocks": 0,
                                                          "Local Dirtied Blocks": 0,
                                                          "Local Written Blocks": 0,
                                                          "Temp Read Blocks": 0,
                                                          "Temp Written Blocks": 0,
                                                          "I/O Read Time": 1535.321,
                                                          "I/O Write Time": 0
                                                        }
                                                      ]
                                                    }
                                                  ]
                                                }
                                              ]
                                            },
                                            {
                                              "Node Type": "Index Scan",
                                              "Parent Relationship": "Inner",
                                              "Parallel Aware": false,
                                              "Scan Direction": "Forward",
                                              "Index Name": "author_pkey",
                                              "Relation Name": "author",
                                              "Schema": "PubSchema",
                                              "Alias": "a_1",
                                              "Startup Cost": 0.43,
                                              "Total Cost": 0.45,
                                              "Plan Rows": 1,
                                              "Plan Width": 19,
                                              "Actual Startup Time": 0.128,
                                              "Actual Total Time": 0.128,
                                              "Actual Rows": 1,
                                              "Actual Loops": 18993,
                                              "Output": [
                                                "a_1.authorid",
                                                "a_1.aname"
                                              ],
                                              "Index Cond": "(a_1.authorid = au_1.authorid)",
                                              "Rows Removed by Index Recheck": 0,
                                              "Shared Hit Blocks": 66214,
                                              "Shared Read Blocks": 9808,
                                              "Shared Dirtied Blocks": 0,
                                              "Shared Written Blocks": 0,
                                              "Local Hit Blocks": 0,
                                              "Local Read Blocks": 0,
                                              "Local Dirtied Blocks": 0,
                                              "Local Written Blocks": 0,
                                              "Temp Read Blocks": 0,
                                              "Temp Written Blocks": 0,
                                              "I/O Read Time": 2262.73,
                                              "I/O Write Time": 0,
                                              "Workers": [
                                                {
                                                  "Worker Number": 0,
                                                  "Actual Startup Time": 0.132,
                                                  "Actual Total Time": 0.132,
                                                  "Actual Rows": 1,
                                                  "Actual Loops": 6041,
                                                  "Shared Hit Blocks": 21025,
                                                  "Shared Read Blocks": 3150,
                                                  "Shared Dirtied Blocks": 0,
                                                  "Shared Written Blocks": 0,
                                                  "Local Hit Blocks": 0,
                                                  "Local Read Blocks": 0,
                                                  "Local Dirtied Blocks": 0,
                                                  "Local Written Blocks": 0,
                                                  "Temp Read Blocks": 0,
                                                  "Temp Written Blocks": 0,
                                                  "I/O Read Time": 734.72,
                                                  "I/O Write Time": 0
                                                },
                                                {
                                                  "Worker Number": 1,
                                                  "Actual Startup Time": 0.129,
                                                  "Actual Total Time": 0.129,
                                                  "Actual Rows": 1,
                                                  "Actual Loops": 6683,
                                                  "Shared Hit Blocks": 23265,
                                                  "Shared Read Blocks": 3488,
                                                  "Shared Dirtied Blocks": 0,
                                                  "Shared Written Blocks": 0,
                                                  "Local Hit Blocks": 0,
                                                  "Local Read Blocks": 0,
                                                  "Local Dirtied Blocks": 0,
                                                  "Local Written Blocks": 0,
                                                  "Temp Read Blocks": 0,
                                                  "Temp Written Blocks": 0,
                                                  "I/O Read Time": 798.418,
                                                  "I/O Write Time": 0
                                                }
                                              ]
                                            }
                                          ]
                                        }
                                      ]
                                    }
                                  ]
                                }
                              ]
                            }
                          ]
                        }
                      ]
                    }
                  ]
                }
              ]
            }
          ]
        }
      ]
    },
    "Planning Time": 1.929,
    "Triggers": [],
    "Execution Time": 11833.087
  }
]